panic: runtime error: invalid memory address or nil pointer dereference [recovered]
	panic: closure error: unexpected panic caught: runtime error: invalid memory address or nil pointer dereference
	
	Closure added at:
		github.com/diamondburned/gotk4/pkg/gio/v2.(*Application).ConnectCommandLine at /home/runner/go/pkg/mod/github.com/diamondburned/gotk4/pkg@v0.3.1/gio/v2/gio.go:41329
		main.main at /home/runner/work/walker/walker/cmd/walker.go:63
		runtime.main at /opt/hostedtoolcache/go/1.24.5/x64/src/runtime/proc.go:283
[signal SIGSEGV: segmentation violation code=0x1 addr=0x0 pc=0xa30b20]

goroutine 1 [running, locked to thread]:
github.com/diamondburned/gotk4/pkg/core/closure.(*FuncStack).Panicf(0xc0001a0c60, {0xe8cc62, 0x1b}, {0xc000421948, 0x1, 0x1})
	/home/runner/go/pkg/mod/github.com/diamondburned/gotk4/pkg@v0.3.1/core/closure/funcstack.go:104 +0x905
github.com/diamondburned/gotk4/pkg/core/closure.(*FuncStack).TryRepanic(0xc0001a0c60)
	/home/runner/go/pkg/mod/github.com/diamondburned/gotk4/pkg@v0.3.1/core/closure/funcstack.go:122 +0xbc
panic({0xc6a8c0?, 0x1796f70?})
	/opt/hostedtoolcache/go/1.24.5/x64/src/runtime/panic.go:792 +0x132
github.com/abenz1267/walker/internal/modules.(*Dmenu).General(0xc00007f630?)
	/home/runner/work/walker/walker/internal/modules/dmenu.go:23
main.main.handleCmd.func2(0xc00007f628)
	/home/runner/work/walker/walker/cmd/walker.go:190 +0x346
github.com/diamondburned/gotk4/pkg/gio/v2._gotk4_gio2_Application_ConnectCommandLine(0xc00003dba0?, 0x227f7050, 0x559112?)
	/home/runner/go/pkg/mod/github.com/diamondburned/gotk4/pkg@v0.3.1/gio/v2/gio_export.go:1841 +0x102
github.com/diamondburned/gotk4/pkg/gio/v2._Cfunc_g_application_run(0x227bbc30, 0x4, 0x227f2770)
	_cgo_gotypes.go:14094 +0x46
github.com/diamondburned/gotk4/pkg/gio/v2.(*Application).Run.func3(...)
	/home/runner/go/pkg/mod/github.com/diamondburned/gotk4/pkg@v0.3.1/gio/v2/gio.go:42200
github.com/diamondburned/gotk4/pkg/gio/v2.(*Application).Run(0xc000199b00, {0xc000022100, 0x4, 0x4})
	/home/runner/go/pkg/mod/github.com/diamondburned/gotk4/pkg@v0.3.1/gio/v2/gio.go:42200 +0x230
main.main()
	/home/runner/work/walker/walker/cmd/walker.go:99 +0x29b
