1730274667.168700 client started (92354): version 3.5a, socket /private/tmp/tmux-501/default, protocol 8
1730274667.168790 on Darwin 24.0.0 Darwin Kernel Version 24.0.0: Tue Sep 24 23:39:07 PDT 2024; root:xnu-11215.1.12~1/RELEASE_ARM64_T6000
1730274667.168809 using libevent 2.1.12-stable select
1730274667.169835 using utf8proc 2.9.0
1730274667.169852 using ncurses 6.5 20240427
1730274667.169879 flags are 0x10010000
1730274667.169887 socket is /private/tmp/tmux-501/default
1730274667.169909 trying connect
1730274667.169985 add peer 0x150048000: 6 (0x0)
1730274667.174451 sending message 111 to peer 0x150048000 (8 bytes)
1730274667.174470 sending message 111 to peer 0x150048000 (8 bytes)
1730274667.174479 sending message 101 to peer 0x150048000 (14 bytes)
1730274667.174487 sending message 109 to peer 0x150048000 (4 bytes)
1730274667.174494 sending message 102 to peer 0x150048000 (13 bytes)
1730274667.174501 sending message 108 to peer 0x150048000 (47 bytes)
1730274667.174507 sending message 112 to peer 0x150048000 (70 bytes)
1730274667.174514 sending message 112 to peer 0x150048000 (5 bytes)
1730274667.174520 sending message 112 to peer 0x150048000 (5 bytes)
1730274667.174526 sending message 112 to peer 0x150048000 (6 bytes)
1730274667.174531 sending message 112 to peer 0x150048000 (6 bytes)
1730274667.174537 sending message 112 to peer 0x150048000 (11 bytes)
1730274667.174543 sending message 112 to peer 0x150048000 (10 bytes)
1730274667.174549 sending message 112 to peer 0x150048000 (13 bytes)
1730274667.174555 sending message 112 to peer 0x150048000 (13 bytes)
1730274667.174561 sending message 112 to peer 0x150048000 (18 bytes)
1730274667.174566 sending message 112 to peer 0x150048000 (11 bytes)
1730274667.174573 sending message 112 to peer 0x150048000 (10 bytes)
1730274667.174580 sending message 112 to peer 0x150048000 (15 bytes)
1730274667.174585 sending message 112 to peer 0x150048000 (21 bytes)
1730274667.174592 sending message 112 to peer 0x150048000 (13 bytes)
1730274667.174598 sending message 112 to peer 0x150048000 (7 bytes)
1730274667.174604 sending message 112 to peer 0x150048000 (13 bytes)
1730274667.174609 sending message 112 to peer 0x150048000 (7 bytes)
1730274667.174615 sending message 112 to peer 0x150048000 (13 bytes)
1730274667.174621 sending message 112 to peer 0x150048000 (9 bytes)
1730274667.174627 sending message 112 to peer 0x150048000 (21 bytes)
1730274667.174632 sending message 112 to peer 0x150048000 (13 bytes)
1730274667.174638 sending message 112 to peer 0x150048000 (8 bytes)
1730274667.174644 sending message 112 to peer 0x150048000 (12 bytes)
1730274667.174650 sending message 112 to peer 0x150048000 (13 bytes)
1730274667.174655 sending message 112 to peer 0x150048000 (9 bytes)
1730274667.174661 sending message 112 to peer 0x150048000 (9 bytes)
1730274667.174667 sending message 112 to peer 0x150048000 (12 bytes)
1730274667.174673 sending message 112 to peer 0x150048000 (8 bytes)
1730274667.174679 sending message 112 to peer 0x150048000 (8 bytes)
1730274667.174684 sending message 112 to peer 0x150048000 (7 bytes)
1730274667.174690 sending message 112 to peer 0x150048000 (7 bytes)
1730274667.174696 sending message 112 to peer 0x150048000 (9 bytes)
1730274667.174701 sending message 112 to peer 0x150048000 (13 bytes)
1730274667.174707 sending message 112 to peer 0x150048000 (6 bytes)
1730274667.174713 sending message 112 to peer 0x150048000 (9 bytes)
1730274667.174719 sending message 112 to peer 0x150048000 (15 bytes)
1730274667.174725 sending message 112 to peer 0x150048000 (13 bytes)
1730274667.174730 sending message 112 to peer 0x150048000 (12 bytes)
1730274667.174736 sending message 112 to peer 0x150048000 (8 bytes)
1730274667.174742 sending message 112 to peer 0x150048000 (14 bytes)
1730274667.174748 sending message 112 to peer 0x150048000 (11 bytes)
1730274667.174753 sending message 112 to peer 0x150048000 (9 bytes)
1730274667.174759 sending message 112 to peer 0x150048000 (10 bytes)
1730274667.174765 sending message 112 to peer 0x150048000 (10 bytes)
1730274667.174771 sending message 112 to peer 0x150048000 (10 bytes)
1730274667.174789 sending message 112 to peer 0x150048000 (10 bytes)
1730274667.174794 sending message 112 to peer 0x150048000 (11 bytes)
1730274667.174799 sending message 112 to peer 0x150048000 (12 bytes)
1730274667.174803 sending message 112 to peer 0x150048000 (12 bytes)
1730274667.174807 sending message 112 to peer 0x150048000 (12 bytes)
1730274667.174811 sending message 112 to peer 0x150048000 (12 bytes)
1730274667.174816 sending message 112 to peer 0x150048000 (12 bytes)
1730274667.174820 sending message 112 to peer 0x150048000 (11 bytes)
1730274667.174824 sending message 112 to peer 0x150048000 (11 bytes)
1730274667.174829 sending message 112 to peer 0x150048000 (12 bytes)
1730274667.174833 sending message 112 to peer 0x150048000 (12 bytes)
1730274667.174837 sending message 112 to peer 0x150048000 (12 bytes)
1730274667.174841 sending message 112 to peer 0x150048000 (12 bytes)
1730274667.174846 sending message 112 to peer 0x150048000 (12 bytes)
1730274667.174850 sending message 112 to peer 0x150048000 (10 bytes)
1730274667.174854 sending message 112 to peer 0x150048000 (12 bytes)
1730274667.174858 sending message 112 to peer 0x150048000 (13 bytes)
1730274667.174863 sending message 112 to peer 0x150048000 (13 bytes)
1730274667.174867 sending message 112 to peer 0x150048000 (13 bytes)
1730274667.174871 sending message 112 to peer 0x150048000 (13 bytes)
1730274667.174876 sending message 112 to peer 0x150048000 (13 bytes)
1730274667.174880 sending message 112 to peer 0x150048000 (8 bytes)
1730274667.174884 sending message 112 to peer 0x150048000 (11 bytes)
1730274667.174888 sending message 112 to peer 0x150048000 (11 bytes)
1730274667.174893 sending message 112 to peer 0x150048000 (11 bytes)
1730274667.174897 sending message 112 to peer 0x150048000 (12 bytes)
1730274667.174901 sending message 112 to peer 0x150048000 (12 bytes)
1730274667.174906 sending message 112 to peer 0x150048000 (12 bytes)
1730274667.174910 sending message 112 to peer 0x150048000 (12 bytes)
1730274667.174914 sending message 112 to peer 0x150048000 (13 bytes)
1730274667.174918 sending message 112 to peer 0x150048000 (13 bytes)
1730274667.174922 sending message 112 to peer 0x150048000 (13 bytes)
1730274667.174927 sending message 112 to peer 0x150048000 (8 bytes)
1730274667.174931 sending message 112 to peer 0x150048000 (13 bytes)
1730274667.174935 sending message 112 to peer 0x150048000 (13 bytes)
1730274667.174940 sending message 112 to peer 0x150048000 (13 bytes)
1730274667.174944 sending message 112 to peer 0x150048000 (13 bytes)
1730274667.174948 sending message 112 to peer 0x150048000 (13 bytes)
1730274667.174952 sending message 112 to peer 0x150048000 (12 bytes)
1730274667.174957 sending message 112 to peer 0x150048000 (12 bytes)
1730274667.174961 sending message 112 to peer 0x150048000 (12 bytes)
1730274667.174965 sending message 112 to peer 0x150048000 (12 bytes)
1730274667.174969 sending message 112 to peer 0x150048000 (13 bytes)
1730274667.174974 sending message 112 to peer 0x150048000 (8 bytes)
1730274667.174978 sending message 112 to peer 0x150048000 (13 bytes)
1730274667.174982 sending message 112 to peer 0x150048000 (13 bytes)
1730274667.174987 sending message 112 to peer 0x150048000 (13 bytes)
1730274667.174991 sending message 112 to peer 0x150048000 (13 bytes)
1730274667.174995 sending message 112 to peer 0x150048000 (13 bytes)
1730274667.175000 sending message 112 to peer 0x150048000 (13 bytes)
1730274667.175004 sending message 112 to peer 0x150048000 (13 bytes)
1730274667.175008 sending message 112 to peer 0x150048000 (12 bytes)
1730274667.175013 sending message 112 to peer 0x150048000 (12 bytes)
1730274667.175017 sending message 112 to peer 0x150048000 (12 bytes)
1730274667.175021 sending message 112 to peer 0x150048000 (8 bytes)
1730274667.175026 sending message 112 to peer 0x150048000 (12 bytes)
1730274667.175030 sending message 112 to peer 0x150048000 (13 bytes)
1730274667.175034 sending message 112 to peer 0x150048000 (13 bytes)
1730274667.175038 sending message 112 to peer 0x150048000 (13 bytes)
1730274667.175043 sending message 112 to peer 0x150048000 (13 bytes)
1730274667.175056 sending message 112 to peer 0x150048000 (13 bytes)
1730274667.175060 sending message 112 to peer 0x150048000 (13 bytes)
1730274667.175064 sending message 112 to peer 0x150048000 (13 bytes)
1730274667.175069 sending message 112 to peer 0x150048000 (13 bytes)
1730274667.175073 sending message 112 to peer 0x150048000 (12 bytes)
1730274667.175077 sending message 112 to peer 0x150048000 (10 bytes)
1730274667.175081 sending message 112 to peer 0x150048000 (12 bytes)
1730274667.175086 sending message 112 to peer 0x150048000 (12 bytes)
1730274667.175090 sending message 112 to peer 0x150048000 (12 bytes)
1730274667.175094 sending message 112 to peer 0x150048000 (13 bytes)
1730274667.175098 sending message 112 to peer 0x150048000 (13 bytes)
1730274667.175103 sending message 112 to peer 0x150048000 (13 bytes)
1730274667.175107 sending message 112 to peer 0x150048000 (13 bytes)
1730274667.175111 sending message 112 to peer 0x150048000 (13 bytes)
1730274667.175115 sending message 112 to peer 0x150048000 (13 bytes)
1730274667.175131 sending message 112 to peer 0x150048000 (13 bytes)
1730274667.175136 sending message 112 to peer 0x150048000 (10 bytes)
1730274667.175140 sending message 112 to peer 0x150048000 (13 bytes)
1730274667.175144 sending message 112 to peer 0x150048000 (12 bytes)
1730274667.175149 sending message 112 to peer 0x150048000 (12 bytes)
1730274667.175153 sending message 112 to peer 0x150048000 (12 bytes)
1730274667.175157 sending message 112 to peer 0x150048000 (10 bytes)
1730274667.175161 sending message 112 to peer 0x150048000 (10 bytes)
1730274667.175166 sending message 112 to peer 0x150048000 (10 bytes)
1730274667.175170 sending message 112 to peer 0x150048000 (12 bytes)
1730274667.175174 sending message 112 to peer 0x150048000 (13 bytes)
1730274667.175179 sending message 112 to peer 0x150048000 (13 bytes)
1730274667.175183 sending message 112 to peer 0x150048000 (13 bytes)
1730274667.175187 sending message 112 to peer 0x150048000 (13 bytes)
1730274667.175191 sending message 112 to peer 0x150048000 (13 bytes)
1730274667.175196 sending message 112 to peer 0x150048000 (11 bytes)
1730274667.175200 sending message 112 to peer 0x150048000 (11 bytes)
1730274667.175204 sending message 112 to peer 0x150048000 (12 bytes)
1730274667.175208 sending message 112 to peer 0x150048000 (12 bytes)
1730274667.175213 sending message 112 to peer 0x150048000 (12 bytes)
1730274667.175217 sending message 112 to peer 0x150048000 (12 bytes)
1730274667.175221 sending message 112 to peer 0x150048000 (12 bytes)
1730274667.175225 sending message 112 to peer 0x150048000 (11 bytes)
1730274667.175230 sending message 112 to peer 0x150048000 (12 bytes)
1730274667.175234 sending message 112 to peer 0x150048000 (12 bytes)
1730274667.175238 sending message 112 to peer 0x150048000 (13 bytes)
1730274667.175242 sending message 112 to peer 0x150048000 (13 bytes)
1730274667.175247 sending message 112 to peer 0x150048000 (13 bytes)
1730274667.175251 sending message 112 to peer 0x150048000 (13 bytes)
1730274667.175255 sending message 112 to peer 0x150048000 (13 bytes)
1730274667.175260 sending message 112 to peer 0x150048000 (10 bytes)
1730274667.175264 sending message 112 to peer 0x150048000 (9 bytes)
1730274667.175268 sending message 112 to peer 0x150048000 (12 bytes)
1730274667.175272 sending message 112 to peer 0x150048000 (13 bytes)
1730274667.175277 sending message 112 to peer 0x150048000 (13 bytes)
1730274667.175281 sending message 112 to peer 0x150048000 (13 bytes)
1730274667.175285 sending message 112 to peer 0x150048000 (13 bytes)
1730274667.175289 sending message 112 to peer 0x150048000 (13 bytes)
1730274667.175294 sending message 112 to peer 0x150048000 (9 bytes)
1730274667.175298 sending message 112 to peer 0x150048000 (12 bytes)
1730274667.175302 sending message 112 to peer 0x150048000 (13 bytes)
1730274667.175307 sending message 112 to peer 0x150048000 (13 bytes)
1730274667.175311 sending message 112 to peer 0x150048000 (13 bytes)
1730274667.175315 sending message 112 to peer 0x150048000 (13 bytes)
1730274667.175326 sending message 112 to peer 0x150048000 (13 bytes)
1730274667.175330 sending message 112 to peer 0x150048000 (11 bytes)
1730274667.175334 sending message 112 to peer 0x150048000 (12 bytes)
1730274667.175339 sending message 112 to peer 0x150048000 (13 bytes)
1730274667.175343 sending message 112 to peer 0x150048000 (13 bytes)
1730274667.175347 sending message 112 to peer 0x150048000 (13 bytes)
1730274667.175351 sending message 112 to peer 0x150048000 (13 bytes)
1730274667.175356 sending message 112 to peer 0x150048000 (13 bytes)
1730274667.175360 sending message 112 to peer 0x150048000 (11 bytes)
1730274667.175364 sending message 112 to peer 0x150048000 (12 bytes)
1730274667.175368 sending message 112 to peer 0x150048000 (12 bytes)
1730274667.175373 sending message 112 to peer 0x150048000 (12 bytes)
1730274667.175377 sending message 112 to peer 0x150048000 (12 bytes)
1730274667.175381 sending message 112 to peer 0x150048000 (12 bytes)
1730274667.175385 sending message 112 to peer 0x150048000 (21 bytes)
1730274667.175390 sending message 112 to peer 0x150048000 (12 bytes)
1730274667.175394 sending message 112 to peer 0x150048000 (9 bytes)
1730274667.175398 sending message 112 to peer 0x150048000 (6 bytes)
1730274667.175403 sending message 112 to peer 0x150048000 (13 bytes)
1730274667.175407 sending message 112 to peer 0x150048000 (8 bytes)
1730274667.175411 sending message 112 to peer 0x150048000 (15 bytes)
1730274667.175415 sending message 112 to peer 0x150048000 (13 bytes)
1730274667.175419 sending message 112 to peer 0x150048000 (9 bytes)
1730274667.175424 sending message 112 to peer 0x150048000 (70 bytes)
1730274667.175428 sending message 112 to peer 0x150048000 (69 bytes)
1730274667.175432 sending message 112 to peer 0x150048000 (10 bytes)
1730274667.175437 sending message 112 to peer 0x150048000 (10 bytes)
1730274667.175441 sending message 112 to peer 0x150048000 (8 bytes)
1730274667.175445 sending message 112 to peer 0x150048000 (15 bytes)
1730274667.175450 sending message 112 to peer 0x150048000 (13 bytes)
1730274667.175454 sending message 112 to peer 0x150048000 (10 bytes)
1730274667.175458 sending message 112 to peer 0x150048000 (10 bytes)
1730274667.175462 sending message 112 to peer 0x150048000 (17 bytes)
1730274667.175466 sending message 112 to peer 0x150048000 (10 bytes)
1730274667.175471 sending message 112 to peer 0x150048000 (13 bytes)
1730274667.175475 sending message 112 to peer 0x150048000 (9 bytes)
1730274667.175479 sending message 112 to peer 0x150048000 (5 bytes)
1730274667.175483 sending message 112 to peer 0x150048000 (15 bytes)
1730274667.175500 sending message 104 to peer 0x150048000 (0 bytes)
1730274667.175513 sending message 110 to peer 0x150048000 (0 bytes)
1730274667.175518 sending message 107 to peer 0x150048000 (4 bytes)
1730274667.175523 sending message 105 to peer 0x150048000 (20 bytes)
1730274667.175527 sending message 105 to peer 0x150048000 (22 bytes)
1730274667.175532 sending message 105 to peer 0x150048000 (29 bytes)
1730274667.175536 sending message 105 to peer 0x150048000 (22 bytes)
1730274667.175541 sending message 105 to peer 0x150048000 (37 bytes)
1730274667.175545 sending message 105 to peer 0x150048000 (30 bytes)
1730274667.175549 sending message 105 to peer 0x150048000 (34 bytes)
1730274667.175553 sending message 105 to peer 0x150048000 (60 bytes)
1730274667.175558 sending message 105 to peer 0x150048000 (17 bytes)
1730274667.175562 sending message 105 to peer 0x150048000 (18 bytes)
1730274667.175566 sending message 105 to peer 0x150048000 (42 bytes)
1730274667.175571 sending message 105 to peer 0x150048000 (54 bytes)
1730274667.175575 sending message 105 to peer 0x150048000 (647 bytes)
1730274667.175580 sending message 105 to peer 0x150048000 (16 bytes)
1730274667.175585 sending message 105 to peer 0x150048000 (51 bytes)
1730274667.175589 sending message 105 to peer 0x150048000 (15 bytes)
1730274667.175593 sending message 105 to peer 0x150048000 (8 bytes)
1730274667.175597 sending message 105 to peer 0x150048000 (66 bytes)
1730274667.175611 sending message 105 to peer 0x150048000 (38 bytes)
1730274667.175615 sending message 105 to peer 0x150048000 (19 bytes)
1730274667.175620 sending message 105 to peer 0x150048000 (19 bytes)
1730274667.175624 sending message 105 to peer 0x150048000 (18 bytes)
1730274667.175629 sending message 105 to peer 0x150048000 (26 bytes)
1730274667.175633 sending message 105 to peer 0x150048000 (57 bytes)
1730274667.175637 sending message 105 to peer 0x150048000 (43 bytes)
1730274667.175641 sending message 105 to peer 0x150048000 (13 bytes)
1730274667.175646 sending message 105 to peer 0x150048000 (64 bytes)
1730274667.175650 sending message 105 to peer 0x150048000 (15 bytes)
1730274667.175654 sending message 105 to peer 0x150048000 (72 bytes)
1730274667.175659 sending message 105 to peer 0x150048000 (64 bytes)
1730274667.175663 sending message 105 to peer 0x150048000 (15 bytes)
1730274667.175667 sending message 105 to peer 0x150048000 (73 bytes)
1730274667.175672 sending message 105 to peer 0x150048000 (14 bytes)
1730274667.175676 sending message 105 to peer 0x150048000 (19 bytes)
1730274667.175680 sending message 105 to peer 0x150048000 (49 bytes)
1730274667.175685 sending message 105 to peer 0x150048000 (44 bytes)
1730274667.175689 sending message 105 to peer 0x150048000 (44 bytes)
1730274667.175697 sending message 105 to peer 0x150048000 (38 bytes)
1730274667.175703 sending message 105 to peer 0x150048000 (25 bytes)
1730274667.175707 sending message 106 to peer 0x150048000 (0 bytes)
1730274667.175807 sending message 200 to peer 0x150048000 (4 bytes)
1730274667.175815 client loop enter
1730274667.176055 peer 0x150048000 message 303
1730274667.176067 open write file 2 -
1730274667.176096 sending message 305 to peer 0x150048000 (8 bytes)
1730274667.176110 write check file 2
1730274667.176130 peer 0x150048000 message 304
1730274667.176134 write 58 to file 2
1730274667.176140 peer 0x150048000 message 203
1730274667.176144 file 2 58 bytes left
1730274667.176161 write check file 2
1730274667.176165 client loop exit
